app/build/intermediates/manifest_merge_blame_file/debug/manifest-merger-blame-debug-report.txt
1<?xml version="1.0" encoding="utf-8"?>
2<!--
3  ~ Copyright 2019, The Android Open Source Project
4  ~
5  ~ Licensed under the Apache License, Version 2.0 (the "License");
6  ~ you may not use this file except in compliance with the License.
7  ~ You may obtain a copy of the License at
8  ~
9  ~      http://www.apache.org/licenses/LICENSE-2.0
10  ~
11  ~ Unless required by applicable law or agreed to in writing, software
12  ~ distributed under the License is distributed on an "AS IS" BASIS,
13  ~ WITHOUT WARRANTIES OR CONDITIONS OF ANY KIND, either express or implied.
14  ~ See the License for the specific language governing permissions and
15  ~ limitations under the License.
16-->
17<manifest xmlns:android="http://schemas.android.com/apk/res/android"
18    package="com.example.android.dessertclicker"
19    android:versionCode="1"
20    android:versionName="1.0" >
21
22    <uses-sdk
23        android:minSdkVersion="19"
23-->src\main\AndroidManifest.xml
24        android:targetSdkVersion="30" />
24-->src\main\AndroidManifest.xml
25
26    <!--
27      add a new attribute for the ClickerApplication class,
28            so that Android knows to use your Application class instead of the default one.
29    -->
30    <application
30-->src\main\AndroidManifest.xml:23:5-38:19
31        android:name="com.example.android.dessertclicker.ClickerApplication"
31-->src\main\AndroidManifest.xml:24:9-43
32        android:allowBackup="true"
32-->src\main\AndroidManifest.xml:25:9-35
33        android:appComponentFactory="androidx.core.app.CoreComponentFactory"
33-->[androidx.core:core:1.3.0] AndroidManifest.xml:24:18-86
34        android:debuggable="true"
35        android:icon="@mipmap/ic_dessert_clicker"
35-->src\main\AndroidManifest.xml:26:9-50
36        android:label="@string/app_name"
36-->src\main\AndroidManifest.xml:27:9-41
37        android:roundIcon="@mipmap/ic_dessert_clicker_round"
37-->src\main\AndroidManifest.xml:28:9-61
38        android:supportsRtl="true"
38-->src\main\AndroidManifest.xml:29:9-35
39        android:testOnly="true"
40        android:theme="@style/AppTheme" >
40-->src\main\AndroidManifest.xml:30:9-40
41        <activity android:name="com.example.android.dessertclicker.MainActivity" >
41-->src\main\AndroidManifest.xml:31:9-37:20
41-->src\main\AndroidManifest.xml:31:19-81
42            <intent-filter>
42-->src\main\AndroidManifest.xml:32:13-36:29
43                <action android:name="android.intent.action.MAIN" />
43-->src\main\AndroidManifest.xml:33:17-69
43-->src\main\AndroidManifest.xml:33:25-66
44
45                <category android:name="android.intent.category.LAUNCHER" />
45-->src\main\AndroidManifest.xml:35:17-77
45-->src\main\AndroidManifest.xml:35:27-74
46            </intent-filter>
47        </activity>
48    </application>
49
50</manifest>